<?xml version="1.0" encoding="UTF-8"?>
<!-- Generated by org.testng.reporters.JUnitReportReporter -->
<testsuite skipped="0" hostname="PC-13" name="com.mobile_automation.solution.StopAppium" tests="1" failures="0" timestamp="27 Dec 2018 07:02:41 GMT" time="0.254" errors="0">
  <testcase name="cleanUp" time="0.254" classname="com.mobile_automation.solution.StopAppium"/>
</testsuite> <!-- com.mobile_automation.solution.StopAppium -->
