<?xml version="1.0" encoding="UTF-8"?>
<!-- Generated by org.testng.reporters.JUnitReportReporter -->
<testsuite skipped="0" hostname="PC-13" name="com.yg.mobileTestcase.StopAppium" tests="1" failures="0" timestamp="28 Dec 2018 08:53:17 GMT" time="0.183" errors="0">
  <testcase name="cleanUp" time="0.183" classname="com.yg.mobileTestcase.StopAppium"/>
</testsuite> <!-- com.yg.mobileTestcase.StopAppium -->
